build/outputs/logs/manifest-merger-debug-report.txt
-- Merging decision tree log ---
manifest
ADDED from git/diabetes/AndroidManifest.xml:2:1-45:12
	package
		ADDED from git/diabetes/AndroidManifest.xml:3:5-35
	android:versionName
		ADDED from git/diabetes/AndroidManifest.xml:5:5-30
	android:versionCode
		ADDED from git/diabetes/AndroidManifest.xml:4:5-28
		INJECTED from git/diabetes/AndroidManifest.xml
		INJECTED from git/diabetes/AndroidManifest.xml
	xmlns:android
		ADDED from git/diabetes/AndroidManifest.xml:2:11-69
uses-sdk
ADDED from git/diabetes/AndroidManifest.xml:7:5-9:41
	android:targetSdkVersion
		ADDED from git/diabetes/AndroidManifest.xml:9:9-38
	android:minSdkVersion
		ADDED from git/diabetes/AndroidManifest.xml:8:9-35
application
ADDED from git/diabetes/AndroidManifest.xml:11:5-43:19
	android:label
		ADDED from git/diabetes/AndroidManifest.xml:14:9-41
	android:allowBackup
		ADDED from git/diabetes/AndroidManifest.xml:12:9-35
	android:icon
		ADDED from git/diabetes/AndroidManifest.xml:13:9-45
	android:theme
		ADDED from git/diabetes/AndroidManifest.xml:15:9-40
activity#com.example.diabetes.MainActivity
ADDED from git/diabetes/AndroidManifest.xml:16:9-24:20
	android:label
		ADDED from git/diabetes/AndroidManifest.xml:18:13-45
	android:name
		ADDED from git/diabetes/AndroidManifest.xml:17:13-41
intent-filter#android.intent.action.MAIN+android.intent.category.LAUNCHER
ADDED from git/diabetes/AndroidManifest.xml:19:13-23:29
action#android.intent.action.MAIN
ADDED from git/diabetes/AndroidManifest.xml:20:17-69
	android:name
		ADDED from git/diabetes/AndroidManifest.xml:20:25-66
category#android.intent.category.LAUNCHER
ADDED from git/diabetes/AndroidManifest.xml:22:17-77
	android:name
		ADDED from git/diabetes/AndroidManifest.xml:22:27-74
activity#com.example.diabetes.PlotActivity
ADDED from git/diabetes/AndroidManifest.xml:25:9-33:20
	android:label
		ADDED from git/diabetes/AndroidManifest.xml:27:13-56
	android:name
		ADDED from git/diabetes/AndroidManifest.xml:26:13-41
activity#com.example.diabetes.WorkoutActivity
ADDED from git/diabetes/AndroidManifest.xml:34:9-42:20
	android:label
		ADDED from git/diabetes/AndroidManifest.xml:36:13-59
	android:name
		ADDED from git/diabetes/AndroidManifest.xml:35:13-44